<?xml version="1.0" encoding="UTF-8"?>
<!-- Generated by org.testng.reporters.JUnitXMLReporter -->
<testsuite ignored="2" hostname="DESKTOP-VHQ63N5" failures="0" tests="1" name="Default test" time="14.416" errors="0" timestamp="2022-09-11T10:34:27 IST">
  <testcase classname="testcases.SimplilearnLogin" name="test3" time="8.282"/>
  <testcase classname="testcases.SimplilearnLogin" name="test2" time="0.0">
    <ignored/>
  </testcase> <!-- test2 -->
  <testcase classname="testcases.SimplilearnLogin" name="test1" time="0.0">
    <ignored/>
  </testcase> <!-- test1 -->
</testsuite> <!-- Default test -->
