<?xml version="1.0" encoding="UTF-8"?>
<!-- Generated by org.testng.reporters.JUnitXMLReporter -->
<testsuite ignored="0" hostname="DESKTOP-VHQ63N5" failures="0" tests="3" name="Test" time="31.337" errors="0" timestamp="18 Sep 2022 04:20:40 GMT">
  <testcase classname="testcases.SimplilearnLogin" name="test1" time="6.452"/>
  <testcase classname="testcases.SimplilearnLogin" name="test2" time="5.707"/>
  <testcase classname="testcases.SimplilearnLogin" name="test3" time="7.531"/>
</testsuite> <!-- Test -->
