<?xml version="1.0" encoding="UTF-8"?>
<!-- Generated by org.testng.reporters.JUnitXMLReporter -->
<testsuite ignored="0" hostname="DESKTOP-VHQ63N5" failures="0" tests="3" name="Test" time="31.53" errors="0" timestamp="2022-09-11T10:53:39 IST">
  <testcase classname="testcases.SimplilearnLogin" name="test1" time="9.024"/>
  <testcase classname="testcases.SimplilearnLogin" name="test2" time="6.009"/>
  <testcase classname="testcases.SimplilearnLogin" name="test3" time="7.894"/>
</testsuite> <!-- Test -->
