<?xml version="1.0" encoding="UTF-8"?>
<testng-results ignored="0" total="3" passed="3" failed="0" skipped="0">
  <reporter-output>
  </reporter-output>
  <suite started-at="2022-09-18T06:37:26Z" name="Suite" finished-at="2022-09-18T06:37:57Z" duration-ms="31293">
    <groups>
    </groups>
    <test started-at="2022-09-18T06:37:26Z" name="Test" finished-at="2022-09-18T06:37:57Z" duration-ms="31293">
      <class name="testcases.SimplilearnLogin">
        <test-method is-config="true" signature="DataSetup()[pri:0, instance:testcases.SimplilearnLogin@16b2bb0c]" started-at="2022-09-18T06:37:26Z" name="DataSetup" finished-at="2022-09-18T06:37:27Z" duration-ms="731" status="PASS">
          <reporter-output>
          </reporter-output>
        </test-method> <!-- DataSetup -->
        <test-method is-config="true" signature="Setup(java.lang.reflect.Method)[pri:0, instance:testcases.SimplilearnLogin@16b2bb0c]" started-at="2022-09-18T06:37:27Z" name="Setup" finished-at="2022-09-18T06:37:29Z" duration-ms="2406" status="PASS">
          <params>
            <param index="0">
              <value>
                <![CDATA[public void testcases.SimplilearnLogin.test1()]]>
              </value>
            </param>
          </params>
          <reporter-output>
          </reporter-output>
        </test-method> <!-- Setup -->
        <test-method signature="test1()[pri:0, instance:testcases.SimplilearnLogin@16b2bb0c]" started-at="2022-09-18T06:37:29Z" name="test1" finished-at="2022-09-18T06:37:36Z" duration-ms="7280" status="PASS">
          <reporter-output>
          </reporter-output>
        </test-method> <!-- test1 -->
        <test-method is-config="true" signature="Teardown()[pri:0, instance:testcases.SimplilearnLogin@16b2bb0c]" started-at="2022-09-18T06:37:36Z" name="Teardown" finished-at="2022-09-18T06:37:39Z" duration-ms="2385" status="PASS">
          <reporter-output>
          </reporter-output>
        </test-method> <!-- Teardown -->
        <test-method is-config="true" signature="Setup(java.lang.reflect.Method)[pri:0, instance:testcases.SimplilearnLogin@16b2bb0c]" started-at="2022-09-18T06:37:39Z" name="Setup" finished-at="2022-09-18T06:37:41Z" duration-ms="2222" status="PASS">
          <params>
            <param index="0">
              <value>
                <![CDATA[public void testcases.SimplilearnLogin.test2(java.lang.String,java.lang.String)]]>
              </value>
            </param>
          </params>
          <reporter-output>
          </reporter-output>
        </test-method> <!-- Setup -->
        <test-method signature="test2(java.lang.String, java.lang.String)[pri:0, instance:testcases.SimplilearnLogin@16b2bb0c]" started-at="2022-09-18T06:37:41Z" name="test2" finished-at="2022-09-18T06:37:47Z" duration-ms="6123" status="PASS">
          <params>
            <param index="0">
              <value>
                <![CDATA[abc@xyz.com]]>
              </value>
            </param>
            <param index="1">
              <value>
                <![CDATA[Abc@1234]]>
              </value>
            </param>
          </params>
          <reporter-output>
          </reporter-output>
        </test-method> <!-- test2 -->
        <test-method is-config="true" signature="Teardown()[pri:0, instance:testcases.SimplilearnLogin@16b2bb0c]" started-at="2022-09-18T06:37:47Z" name="Teardown" finished-at="2022-09-18T06:37:49Z" duration-ms="2360" status="PASS">
          <reporter-output>
          </reporter-output>
        </test-method> <!-- Teardown -->
        <test-method is-config="true" signature="Setup(java.lang.reflect.Method)[pri:0, instance:testcases.SimplilearnLogin@16b2bb0c]" started-at="2022-09-18T06:37:49Z" name="Setup" finished-at="2022-09-18T06:37:52Z" duration-ms="2230" status="PASS">
          <params>
            <param index="0">
              <value>
                <![CDATA[public void testcases.SimplilearnLogin.test3()]]>
              </value>
            </param>
          </params>
          <reporter-output>
          </reporter-output>
        </test-method> <!-- Setup -->
        <test-method signature="test3()[pri:0, instance:testcases.SimplilearnLogin@16b2bb0c]" started-at="2022-09-18T06:37:52Z" name="test3" finished-at="2022-09-18T06:37:57Z" duration-ms="5036" status="PASS">
          <reporter-output>
          </reporter-output>
        </test-method> <!-- test3 -->
        <test-method is-config="true" signature="Teardown()[pri:0, instance:testcases.SimplilearnLogin@16b2bb0c]" started-at="2022-09-18T06:37:57Z" name="Teardown" finished-at="2022-09-18T06:37:57Z" duration-ms="102" status="PASS">
          <reporter-output>
          </reporter-output>
        </test-method> <!-- Teardown -->
        <test-method is-config="true" signature="DataClean()[pri:0, instance:testcases.SimplilearnLogin@16b2bb0c]" started-at="2022-09-18T06:37:57Z" name="DataClean" finished-at="2022-09-18T06:37:57Z" duration-ms="398" status="PASS">
          <reporter-output>
          </reporter-output>
        </test-method> <!-- DataClean -->
      </class> <!-- testcases.SimplilearnLogin -->
    </test> <!-- Test -->
  </suite> <!-- Suite -->
</testng-results>
