<?xml version="1.0" encoding="UTF-8"?>
<testng-results ignored="0" total="2" passed="2" failed="0" skipped="0">
  <reporter-output>
  </reporter-output>
  <suite started-at="2022-09-10T12:30:34 IST" name="Suite" finished-at="2022-09-10T12:30:52 IST" duration-ms="18042">
    <groups>
    </groups>
    <test started-at="2022-09-10T12:30:34 IST" name="Test" finished-at="2022-09-10T12:30:52 IST" duration-ms="18042">
      <class name="testcases.SimplilearnLogin">
        <test-method is-config="true" signature="Setup()[pri:0, instance:testcases.SimplilearnLogin@318ba8c8]" started-at="2022-09-10T12:30:34 IST" name="Setup" finished-at="2022-09-10T12:30:36 IST" duration-ms="2676" status="PASS">
          <reporter-output>
          </reporter-output>
        </test-method> <!-- Setup -->
        <test-method signature="test1()[pri:0, instance:testcases.SimplilearnLogin@318ba8c8]" started-at="2022-09-10T12:30:36 IST" name="test1" finished-at="2022-09-10T12:30:43 IST" duration-ms="6950" status="PASS">
          <reporter-output>
          </reporter-output>
        </test-method> <!-- test1 -->
        <test-method is-config="true" signature="Teardown()[pri:0, instance:testcases.SimplilearnLogin@318ba8c8]" started-at="2022-09-10T12:30:43 IST" name="Teardown" finished-at="2022-09-10T12:30:43 IST" duration-ms="89" status="PASS">
          <reporter-output>
          </reporter-output>
        </test-method> <!-- Teardown -->
        <test-method is-config="true" signature="Setup()[pri:0, instance:testcases.SimplilearnLogin@318ba8c8]" started-at="2022-09-10T12:30:43 IST" name="Setup" finished-at="2022-09-10T12:30:46 IST" duration-ms="2254" status="PASS">
          <reporter-output>
          </reporter-output>
        </test-method> <!-- Setup -->
        <test-method signature="test2()[pri:0, instance:testcases.SimplilearnLogin@318ba8c8]" started-at="2022-09-10T12:30:46 IST" name="test2" finished-at="2022-09-10T12:30:52 IST" duration-ms="5922" status="PASS">
          <reporter-output>
          </reporter-output>
        </test-method> <!-- test2 -->
        <test-method is-config="true" signature="Teardown()[pri:0, instance:testcases.SimplilearnLogin@318ba8c8]" started-at="2022-09-10T12:30:52 IST" name="Teardown" finished-at="2022-09-10T12:30:52 IST" duration-ms="115" status="PASS">
          <reporter-output>
          </reporter-output>
        </test-method> <!-- Teardown -->
      </class> <!-- testcases.SimplilearnLogin -->
    </test> <!-- Test -->
  </suite> <!-- Suite -->
</testng-results>
